2021-03-21 20:46:28,005 [Worker-0: Loading available Gradle versions] INFO  o.e.b.c.i.u.g.PublishedGradleVersions - Gradle version information cache is up-to-date. Trying to read.
2021-03-21 20:47:20,748 [Worker-4: Importing Maven projects] INFO  o.e.m.c.i.l.LifecycleMappingFactory - Using org.eclipse.m2e.jdt.JarLifecycleMapping lifecycle mapping for MavenProject: com.group2:SpringBootWithBillCURDOperation:0.0.1-SNAPSHOT @ H:\Zensar\Zensar Java FS Training\Final Changes Diamond Merchant Project\Diamond-Merchant\Backend (Springboot)\DiamondMerchant\pom.xml.
2021-03-21 20:47:24,015 [Worker-4: Importing Maven projects] INFO  o.e.m.j.i.AbstractJavaProjectConfigurator - Adding source folder /DiamondMerchant/src/main/java
2021-03-21 20:47:24,016 [Worker-4: Importing Maven projects] INFO  o.e.m.j.i.AbstractJavaProjectConfigurator - Adding resource folder /DiamondMerchant/src/main/resources
2021-03-21 20:47:24,017 [Worker-4: Importing Maven projects] INFO  o.e.m.j.i.AbstractJavaProjectConfigurator - Adding resource folder /DiamondMerchant/src/main/resources
2021-03-21 20:47:24,018 [Worker-4: Importing Maven projects] INFO  o.e.m.j.i.AbstractJavaProjectConfigurator - Adding source folder /DiamondMerchant/src/test/java
2021-03-21 20:47:25,367 [Worker-4: Importing Maven projects] INFO  o.e.m.c.i.p.ProjectConfigurationManager - Imported and configured 1 project(s) in 30 sec
2021-03-21 20:47:38,689 [Worker-8: Building] INFO  o.e.m.c.i.embedder.EclipseLogger - Using 'UTF-8' encoding to copy filtered resources.
2021-03-21 20:47:38,696 [Worker-8: Building] INFO  o.e.m.c.i.embedder.EclipseLogger - Copying 1 resource
2021-03-21 20:47:38,750 [Worker-8: Building] INFO  o.e.m.c.i.embedder.EclipseLogger - Copying 0 resource
2021-03-21 20:47:38,755 [Worker-8: Building] INFO  o.e.m.c.i.embedder.EclipseLogger - Using 'UTF-8' encoding to copy filtered resources.
2021-03-21 20:47:38,755 [Worker-8: Building] INFO  o.e.m.c.i.embedder.EclipseLogger - skip non existing resourceDirectory H:\Zensar\Zensar Java FS Training\Final Changes Diamond Merchant Project\Diamond-Merchant\Backend (Springboot)\DiamondMerchant\src\test\resources
2021-03-21 22:02:03,706 [Worker-26: Building] INFO  o.e.m.c.i.embedder.EclipseLogger - Using 'UTF-8' encoding to copy filtered resources.
2021-03-21 22:02:03,735 [Worker-26: Building] INFO  o.e.m.c.i.embedder.EclipseLogger - Copying 1 resource
2021-03-21 22:02:03,745 [Worker-26: Building] INFO  o.e.m.c.i.embedder.EclipseLogger - Copying 0 resource
2021-03-21 22:02:03,751 [Worker-26: Building] INFO  o.e.m.c.i.embedder.EclipseLogger - Using 'UTF-8' encoding to copy filtered resources.
2021-03-21 22:02:03,751 [Worker-26: Building] INFO  o.e.m.c.i.embedder.EclipseLogger - skip non existing resourceDirectory H:\Zensar\Zensar Java FS Training\Final Changes Diamond Merchant Project\Diamond-Merchant\Backend (Springboot)\DiamondMerchant\src\test\resources
2021-03-21 22:02:31,251 [Worker-26: Building] INFO  o.e.m.c.i.embedder.EclipseLogger - Using 'UTF-8' encoding to copy filtered resources.
2021-03-21 22:02:31,251 [Worker-26: Building] INFO  o.e.m.c.i.embedder.EclipseLogger - Copying 1 resource
2021-03-21 22:02:31,255 [Worker-26: Building] INFO  o.e.m.c.i.embedder.EclipseLogger - Copying 0 resource
2021-03-21 22:02:31,258 [Worker-26: Building] INFO  o.e.m.c.i.embedder.EclipseLogger - Using 'UTF-8' encoding to copy filtered resources.
2021-03-21 22:02:31,258 [Worker-26: Building] INFO  o.e.m.c.i.embedder.EclipseLogger - skip non existing resourceDirectory H:\Zensar\Zensar Java FS Training\Final Changes Diamond Merchant Project\Diamond-Merchant\Backend (Springboot)\DiamondMerchant\src\test\resources
